0 info it worked if it ends with ok
1 verbose cli [ '/usr/bin/node', '/usr/bin/npm', 'install', 'aws-sdk' ]
2 info using npm@1.3.8
3 info using node@v0.10.18
4 verbose node symlink /usr/bin/node
5 verbose readDependencies using package.json deps
6 verbose cache add [ 'aws-sdk@*', null ]
7 verbose cache add name=undefined spec="aws-sdk@*" args=["aws-sdk@*",null]
8 verbose parsed url { protocol: null,
8 verbose parsed url   slashes: null,
8 verbose parsed url   auth: null,
8 verbose parsed url   host: null,
8 verbose parsed url   port: null,
8 verbose parsed url   hostname: null,
8 verbose parsed url   hash: null,
8 verbose parsed url   search: null,
8 verbose parsed url   query: null,
8 verbose parsed url   pathname: 'aws-sdk@*',
8 verbose parsed url   path: 'aws-sdk@*',
8 verbose parsed url   href: 'aws-sdk@*' }
9 verbose cache add name="aws-sdk" spec="*" args=["aws-sdk","*"]
10 verbose parsed url { protocol: null,
10 verbose parsed url   slashes: null,
10 verbose parsed url   auth: null,
10 verbose parsed url   host: null,
10 verbose parsed url   port: null,
10 verbose parsed url   hostname: null,
10 verbose parsed url   hash: null,
10 verbose parsed url   search: null,
10 verbose parsed url   query: null,
10 verbose parsed url   pathname: '*',
10 verbose parsed url   path: '*',
10 verbose parsed url   href: '*' }
11 verbose addNamed [ 'aws-sdk', '*' ]
12 verbose addNamed [ null, '*' ]
13 silly lockFile f740d1c2-aws-sdk aws-sdk@*
14 verbose lock aws-sdk@* /home/sahat/.npm/f740d1c2-aws-sdk.lock
15 silly addNameRange { name: 'aws-sdk', range: '*', hasData: false }
16 verbose url raw aws-sdk
17 verbose url resolving [ 'https://registry.npmjs.org/', './aws-sdk' ]
18 verbose url resolved https://registry.npmjs.org/aws-sdk
19 info trying registry request attempt 1 at 19:01:09
20 verbose etag "AL488C9KQLC1DYNULJSCP7NGR"
21 http GET https://registry.npmjs.org/aws-sdk
22 http 304 https://registry.npmjs.org/aws-sdk
23 silly registry.get cb [ 304,
23 silly registry.get   { server: 'CouchDB/1.3.1 (Erlang OTP/R15B03)',
23 silly registry.get     etag: '"AL488C9KQLC1DYNULJSCP7NGR"',
23 silly registry.get     date: 'Mon, 09 Sep 2013 23:01:09 GMT',
23 silly registry.get     'content-length': '0' } ]
24 verbose etag aws-sdk from cache
25 silly addNameRange number 2 { name: 'aws-sdk', range: '*', hasData: true }
26 silly addNameRange versions [ 'aws-sdk',
26 silly addNameRange   [ '0.9.0-pre.1',
26 silly addNameRange     '0.9.1-pre.2',
26 silly addNameRange     '0.9.2-pre.3',
26 silly addNameRange     '0.9.3-pre.4',
26 silly addNameRange     '0.9.4-pre.5',
26 silly addNameRange     '0.9.5-pre.6',
26 silly addNameRange     '0.9.6-pre.7',
26 silly addNameRange     '0.9.7-pre.8',
26 silly addNameRange     '0.9.8-pre.9',
26 silly addNameRange     '0.9.9-pre.10',
26 silly addNameRange     '1.0.0',
26 silly addNameRange     '1.1.0',
26 silly addNameRange     '1.2.0',
26 silly addNameRange     '1.3.0',
26 silly addNameRange     '1.3.1',
26 silly addNameRange     '1.3.2',
26 silly addNameRange     '1.4.0',
26 silly addNameRange     '1.4.1',
26 silly addNameRange     '1.5.0',
26 silly addNameRange     '1.5.1',
26 silly addNameRange     '1.5.2' ] ]
27 verbose addNamed [ 'aws-sdk', '1.5.2' ]
28 verbose addNamed [ '1.5.2', '1.5.2' ]
29 silly lockFile d5814a8a-aws-sdk-1-5-2 aws-sdk@1.5.2
30 verbose lock aws-sdk@1.5.2 /home/sahat/.npm/d5814a8a-aws-sdk-1-5-2.lock
31 silly lockFile bcf8872c-js-org-aws-sdk-aws-sdk-1-5-2-tgz https://registry.npmjs.org/aws-sdk/-/aws-sdk-1.5.2.tgz
32 verbose lock https://registry.npmjs.org/aws-sdk/-/aws-sdk-1.5.2.tgz /home/sahat/.npm/bcf8872c-js-org-aws-sdk-aws-sdk-1-5-2-tgz.lock
33 verbose addRemoteTarball [ 'https://registry.npmjs.org/aws-sdk/-/aws-sdk-1.5.2.tgz',
33 verbose addRemoteTarball   '85faf0c468c1009934e91c658486669bded44030' ]
34 silly lockFile bcf8872c-js-org-aws-sdk-aws-sdk-1-5-2-tgz https://registry.npmjs.org/aws-sdk/-/aws-sdk-1.5.2.tgz
35 silly lockFile bcf8872c-js-org-aws-sdk-aws-sdk-1-5-2-tgz https://registry.npmjs.org/aws-sdk/-/aws-sdk-1.5.2.tgz
36 silly lockFile d5814a8a-aws-sdk-1-5-2 aws-sdk@1.5.2
37 silly lockFile d5814a8a-aws-sdk-1-5-2 aws-sdk@1.5.2
38 silly lockFile f740d1c2-aws-sdk aws-sdk@*
39 silly lockFile f740d1c2-aws-sdk aws-sdk@*
40 error Error: EACCES, mkdir '/home/sahat/tmp/npm-16704-7c2oRTNh'
40 error  { [Error: EACCES, mkdir '/home/sahat/tmp/npm-16704-7c2oRTNh']
40 error   errno: 3,
40 error   code: 'EACCES',
40 error   path: '/home/sahat/tmp/npm-16704-7c2oRTNh' }
41 error Please try running this command again as root/Administrator.
42 error System Linux 3.8.0-30-generic
43 error command "/usr/bin/node" "/usr/bin/npm" "install" "aws-sdk"
44 error cwd /home/sahat/Dropbox/Projects/cloudbucket
45 error node -v v0.10.18
46 error npm -v 1.3.8
47 error path /home/sahat/tmp/npm-16704-7c2oRTNh
48 error code EACCES
49 error errno 3
50 error stack Error: EACCES, mkdir '/home/sahat/tmp/npm-16704-7c2oRTNh'
51 verbose exit [ 3, true ]
